2020-07-18 08:00:02,888 : DEBUG : __main__ : Initiating instance of class "Komplett"
2020-07-18 08:00:02,889 : DEBUG : __main__ : Category: gpu
2020-07-18 08:00:02,889 : DEBUG : __main__ : URL: https://www.komplett.dk/product/1103205/hardware/pc-komponenter/grafikkort/asus-geforce-rtx-2080-ti-rog-strix-oc#
2020-07-18 08:00:02,889 : INFO : __main__ : Getting response from URL...
2020-07-18 08:00:02,959 : DEBUG : __main__ : Initiating instance of class "Komplett"
2020-07-18 08:00:02,959 : DEBUG : __main__ : Category: gpu
2020-07-18 08:00:02,959 : DEBUG : __main__ : URL: https://www.komplett.dk/product/1103205/hardware/pc-komponenter/grafikkort/asus-geforce-rtx-2080-ti-rog-strix-oc#
2020-07-18 08:00:02,959 : INFO : __main__ : Getting response from URL...
2020-07-18 08:00:03,500 : INFO : __main__ : Got response from URL
2020-07-18 08:00:03,601 : INFO : __main__ : Saving record...
2020-07-18 08:00:03,603 : INFO : __main__ : Record saved
2020-07-18 08:00:03,603 : DEBUG : __main__ : Initiating instance of class "Komplett"
2020-07-18 08:00:03,603 : DEBUG : __main__ : Category: ssd
2020-07-18 08:00:03,603 : DEBUG : __main__ : URL: https://www.komplett.dk/product/1133452/hardware/lagring/harddiskssd/ssd-m2/corsair-force-series-mp600-1tb-m2-ssd#
2020-07-18 08:00:03,603 : INFO : __main__ : Getting response from URL...
2020-07-18 08:00:04,202 : INFO : __main__ : Got response from URL
2020-07-18 08:00:04,300 : INFO : __main__ : Saving record...
2020-07-18 08:00:04,302 : INFO : __main__ : Record saved
2020-07-18 08:00:04,302 : DEBUG : __main__ : Initiating instance of class "Proshop"
2020-07-18 08:00:04,302 : DEBUG : __main__ : Category: gpu
2020-07-18 08:00:04,302 : DEBUG : __main__ : URL: https://www.proshop.dk/Grafikkort/ASUS-GeForce-RTX-2080-Ti-ROG-STRIX-OC-11GB-GDDR6-RAM-Grafikkort/2679518
2020-07-18 08:00:04,302 : INFO : __main__ : Getting response from URL...
2020-07-18 08:00:04,438 : INFO : __main__ : Got response from URL
2020-07-18 08:00:04,538 : INFO : __main__ : Saving record...
2020-07-18 08:00:04,539 : INFO : __main__ : Record saved
2020-07-18 08:00:04,539 : DEBUG : __main__ : Initiating instance of class "Komplett"
2020-07-18 08:00:04,539 : DEBUG : __main__ : Category: ssd
2020-07-18 08:00:04,539 : DEBUG : __main__ : URL: https://www.komplett.dk/product/1133452/hardware/lagring/harddiskssd/ssd-m2/corsair-force-series-mp600-1tb-m2-ssd#
2020-07-18 08:00:04,539 : INFO : __main__ : Getting response from URL...
2020-07-18 08:00:04,598 : INFO : __main__ : Got response from URL
2020-07-18 08:00:04,617 : INFO : __main__ : Got response from URl
2020-07-18 08:00:04,690 : INFO : __main__ : Saving record...
2020-07-18 08:00:04,693 : INFO : __main__ : Record saved
2020-07-18 08:00:04,693 : DEBUG : __main__ : Initiating instance of class "Proshop"
2020-07-18 08:00:04,693 : DEBUG : __main__ : Category: ssd
2020-07-18 08:00:04,693 : DEBUG : __main__ : URL: https://www.proshop.dk/SSD/Corsair-Force-MP600-NVMe-Gen4-M2-1TB/2779161
2020-07-18 08:00:04,694 : INFO : __main__ : Getting response from URL...
2020-07-18 08:00:04,701 : INFO : __main__ : Saving record...
2020-07-18 08:00:04,712 : INFO : __main__ : Record saved
2020-07-18 08:00:04,712 : DEBUG : __main__ : Initiating instance of class "Proshop"
2020-07-18 08:00:04,712 : DEBUG : __main__ : Category: gpu
2020-07-18 08:00:04,712 : DEBUG : __main__ : URL: https://www.proshop.dk/Grafikkort/ASUS-GeForce-RTX-2080-Ti-ROG-STRIX-OC-11GB-GDDR6-RAM-Grafikkort/2679518
2020-07-18 08:00:04,712 : INFO : __main__ : Getting response from URL...
2020-07-18 08:00:04,882 : INFO : __main__ : Got response from URl
2020-07-18 08:00:04,922 : INFO : __main__ : Got response from URl
2020-07-18 08:00:04,944 : INFO : __main__ : Saving record...
2020-07-18 08:00:04,946 : INFO : __main__ : Record saved
2020-07-18 08:00:04,946 : DEBUG : __main__ : Initiating instance of class "Proshop"
2020-07-18 08:00:04,946 : DEBUG : __main__ : Category: gpu
2020-07-18 08:00:04,946 : DEBUG : __main__ : URL: https://www.proshop.dk/Grafikkort/ASUS-Radeon-RX-5700-XT-ROG-STRIX-OC-8GB-GDDR6-RAM-Grafikkort/2792486
2020-07-18 08:00:04,946 : INFO : __main__ : Getting response from URL...
2020-07-18 08:00:04,993 : INFO : __main__ : Saving record...
2020-07-18 08:00:04,995 : INFO : __main__ : Record saved
2020-07-18 08:00:04,995 : DEBUG : __main__ : Initiating instance of class "Proshop"
2020-07-18 08:00:04,995 : DEBUG : __main__ : Category: ssd
2020-07-18 08:00:04,995 : DEBUG : __main__ : URL: https://www.proshop.dk/SSD/Corsair-Force-MP600-NVMe-Gen4-M2-1TB/2779161
2020-07-18 08:00:04,995 : INFO : __main__ : Getting response from URL...
2020-07-18 08:00:05,134 : INFO : __main__ : Got response from URl
2020-07-18 08:00:05,194 : INFO : __main__ : Got response from URl
2020-07-18 08:00:05,211 : ERROR : __main__ : Failed in method "Proshop.get_info()": 'NoneType' object has no attribute 'text'
Traceback (most recent call last):
  File "komplett_scraping.py", line 110, in get_info
    self.price = ''.join(self.html_soup.find('span', class_='site-currency-attention').text.strip('.-kr').split(',')[0].split('.'))
AttributeError: 'NoneType' object has no attribute 'text'

During handling of the above exception, another exception occurred:

Traceback (most recent call last):
  File "komplett_scraping.py", line 36, in __init__
    self.get_info()
  File "komplett_scraping.py", line 113, in get_info
    self.price = ''.join(self.html_soup.find('div', class_='site-currency-attention site-currency-campaign').text.replace('.', '').split(',')[0])
AttributeError: 'NoneType' object has no attribute 'text'
2020-07-18 08:00:05,211 : INFO : __main__ : Saving record...
2020-07-18 08:00:05,212 : ERROR : __main__ : Failed in method "Proshop.save_record()": 'Proshop' object has no attribute 'price'
Traceback (most recent call last):
  File "komplett_scraping.py", line 41, in __init__
    self.save_record()
  File "komplett_scraping.py", line 79, in save_record
    data[self.cat][self.name][self.URL_domain]["dates"][self.date] = {"price": self.price}
AttributeError: 'Proshop' object has no attribute 'price'
2020-07-18 08:00:05,254 : INFO : __main__ : Saving record...
2020-07-18 08:00:05,255 : INFO : __main__ : Record saved
2020-07-18 08:00:05,255 : DEBUG : __main__ : Initiating instance of class "Proshop"
2020-07-18 08:00:05,255 : DEBUG : __main__ : Category: gpu
2020-07-18 08:00:05,255 : DEBUG : __main__ : URL: https://www.proshop.dk/Grafikkort/ASUS-Radeon-RX-5700-XT-ROG-STRIX-OC-8GB-GDDR6-RAM-Grafikkort/2792486
2020-07-18 08:00:05,256 : INFO : __main__ : Getting response from URL...
2020-07-18 08:00:05,461 : INFO : __main__ : Got response from URl
2020-07-18 08:00:05,538 : ERROR : __main__ : Failed in method "Proshop.get_info()": 'NoneType' object has no attribute 'text'
Traceback (most recent call last):
  File "komplett_scraping.py", line 110, in get_info
    self.price = ''.join(self.html_soup.find('span', class_='site-currency-attention').text.strip('.-kr').split(',')[0].split('.'))
AttributeError: 'NoneType' object has no attribute 'text'

During handling of the above exception, another exception occurred:

Traceback (most recent call last):
  File "komplett_scraping.py", line 36, in __init__
    self.get_info()
  File "komplett_scraping.py", line 113, in get_info
    self.price = ''.join(self.html_soup.find('div', class_='site-currency-attention site-currency-campaign').text.replace('.', '').split(',')[0])
AttributeError: 'NoneType' object has no attribute 'text'
2020-07-18 08:00:05,538 : INFO : __main__ : Saving record...
2020-07-18 08:00:05,538 : ERROR : __main__ : Failed in method "Proshop.save_record()": 'Proshop' object has no attribute 'price'
Traceback (most recent call last):
  File "komplett_scraping.py", line 41, in __init__
    self.save_record()
  File "komplett_scraping.py", line 79, in save_record
    data[self.cat][self.name][self.URL_domain]["dates"][self.date] = {"price": self.price}
AttributeError: 'Proshop' object has no attribute 'price'
2020-07-19 08:00:03,190 : DEBUG : __main__ : Initiating instance of class "Komplett"
2020-07-19 08:00:03,190 : DEBUG : __main__ : Initiating instance of class "Komplett"
2020-07-19 08:00:03,190 : DEBUG : __main__ : Category: gpu
2020-07-19 08:00:03,190 : DEBUG : __main__ : Category: gpu
2020-07-19 08:00:03,190 : DEBUG : __main__ : URL: https://www.komplett.dk/product/1103205/hardware/pc-komponenter/grafikkort/asus-geforce-rtx-2080-ti-rog-strix-oc#
2020-07-19 08:00:03,190 : DEBUG : __main__ : URL: https://www.komplett.dk/product/1103205/hardware/pc-komponenter/grafikkort/asus-geforce-rtx-2080-ti-rog-strix-oc#
2020-07-19 08:00:03,190 : INFO : __main__ : Getting response from URL...
2020-07-19 08:00:03,191 : INFO : __main__ : Getting response from URL...
2020-07-19 08:00:08,328 : INFO : __main__ : Got response from URL
2020-07-19 08:00:08,434 : INFO : __main__ : Saving record...
2020-07-19 08:00:08,435 : INFO : __main__ : Record saved
2020-07-19 08:00:08,435 : DEBUG : __main__ : Initiating instance of class "Komplett"
2020-07-19 08:00:08,435 : DEBUG : __main__ : Category: ssd
2020-07-19 08:00:08,435 : DEBUG : __main__ : URL: https://www.komplett.dk/product/1133452/hardware/lagring/harddiskssd/ssd-m2/corsair-force-series-mp600-1tb-m2-ssd#
2020-07-19 08:00:08,435 : INFO : __main__ : Getting response from URL...
2020-07-19 08:00:10,181 : INFO : __main__ : Got response from URL
2020-07-19 08:00:10,281 : INFO : __main__ : Saving record...
2020-07-19 08:00:10,283 : INFO : __main__ : Record saved
2020-07-19 08:00:10,283 : DEBUG : __main__ : Initiating instance of class "Komplett"
2020-07-19 08:00:10,283 : DEBUG : __main__ : Category: ssd
2020-07-19 08:00:10,283 : DEBUG : __main__ : URL: https://www.komplett.dk/product/1133452/hardware/lagring/harddiskssd/ssd-m2/corsair-force-series-mp600-1tb-m2-ssd#
2020-07-19 08:00:10,283 : INFO : __main__ : Getting response from URL...
2020-07-19 08:00:16,960 : INFO : __main__ : Got response from URL
2020-07-19 08:00:17,058 : INFO : __main__ : Saving record...
2020-07-19 08:00:17,059 : INFO : __main__ : Record saved
2020-07-19 08:00:17,059 : DEBUG : __main__ : Initiating instance of class "Proshop"
2020-07-19 08:00:17,059 : DEBUG : __main__ : Category: gpu
2020-07-19 08:00:17,059 : DEBUG : __main__ : URL: https://www.proshop.dk/Grafikkort/ASUS-GeForce-RTX-2080-Ti-ROG-STRIX-OC-11GB-GDDR6-RAM-Grafikkort/2679518
2020-07-19 08:00:17,060 : INFO : __main__ : Getting response from URL...
2020-07-19 08:00:17,072 : INFO : __main__ : Got response from URL
2020-07-19 08:00:17,179 : INFO : __main__ : Saving record...
2020-07-19 08:00:17,180 : INFO : __main__ : Record saved
2020-07-19 08:00:17,180 : DEBUG : __main__ : Initiating instance of class "Proshop"
2020-07-19 08:00:17,181 : DEBUG : __main__ : Category: gpu
2020-07-19 08:00:17,181 : DEBUG : __main__ : URL: https://www.proshop.dk/Grafikkort/ASUS-GeForce-RTX-2080-Ti-ROG-STRIX-OC-11GB-GDDR6-RAM-Grafikkort/2679518
2020-07-19 08:00:17,181 : INFO : __main__ : Getting response from URL...
2020-07-19 08:00:17,391 : INFO : __main__ : Got response from URl
2020-07-19 08:00:17,469 : INFO : __main__ : Saving record...
2020-07-19 08:00:17,471 : INFO : __main__ : Record saved
2020-07-19 08:00:17,471 : DEBUG : __main__ : Initiating instance of class "Proshop"
2020-07-19 08:00:17,471 : DEBUG : __main__ : Category: ssd
2020-07-19 08:00:17,471 : DEBUG : __main__ : URL: https://www.proshop.dk/SSD/Corsair-Force-MP600-NVMe-Gen4-M2-1TB/2779161
2020-07-19 08:00:17,471 : INFO : __main__ : Getting response from URL...
2020-07-19 08:00:17,514 : INFO : __main__ : Got response from URl
2020-07-19 08:00:17,587 : INFO : __main__ : Saving record...
2020-07-19 08:00:17,589 : INFO : __main__ : Record saved
2020-07-19 08:00:17,589 : DEBUG : __main__ : Initiating instance of class "Proshop"
2020-07-19 08:00:17,589 : DEBUG : __main__ : Category: ssd
2020-07-19 08:00:17,589 : DEBUG : __main__ : URL: https://www.proshop.dk/SSD/Corsair-Force-MP600-NVMe-Gen4-M2-1TB/2779161
2020-07-19 08:00:17,589 : INFO : __main__ : Getting response from URL...
2020-07-19 08:00:17,665 : INFO : __main__ : Got response from URl
2020-07-19 08:00:17,728 : INFO : __main__ : Saving record...
2020-07-19 08:00:17,730 : INFO : __main__ : Record saved
2020-07-19 08:00:17,730 : DEBUG : __main__ : Initiating instance of class "Proshop"
2020-07-19 08:00:17,730 : DEBUG : __main__ : Category: gpu
2020-07-19 08:00:17,730 : DEBUG : __main__ : URL: https://www.proshop.dk/Grafikkort/ASUS-Radeon-RX-5700-XT-ROG-STRIX-OC-8GB-GDDR6-RAM-Grafikkort/2792486
2020-07-19 08:00:17,730 : INFO : __main__ : Getting response from URL...
2020-07-19 08:00:17,780 : INFO : __main__ : Got response from URl
2020-07-19 08:00:17,841 : INFO : __main__ : Saving record...
2020-07-19 08:00:17,842 : INFO : __main__ : Record saved
2020-07-19 08:00:17,843 : DEBUG : __main__ : Initiating instance of class "Proshop"
2020-07-19 08:00:17,843 : DEBUG : __main__ : Category: gpu
2020-07-19 08:00:17,843 : DEBUG : __main__ : URL: https://www.proshop.dk/Grafikkort/ASUS-Radeon-RX-5700-XT-ROG-STRIX-OC-8GB-GDDR6-RAM-Grafikkort/2792486
2020-07-19 08:00:17,843 : INFO : __main__ : Getting response from URL...
2020-07-19 08:00:17,949 : INFO : __main__ : Got response from URl
2020-07-19 08:00:17,966 : INFO : __main__ : Got response from URl
2020-07-19 08:00:18,038 : INFO : __main__ : Saving record...
2020-07-19 08:00:18,040 : INFO : __main__ : Record saved
2020-07-19 08:00:18,050 : INFO : __main__ : Saving record...
2020-07-19 08:00:18,051 : INFO : __main__ : Record saved
2020-07-20 08:00:02,155 : DEBUG : __main__ : Initiating instance of class "Komplett"
2020-07-20 08:00:02,155 : DEBUG : __main__ : Category: gpu
2020-07-20 08:00:02,155 : DEBUG : __main__ : URL: https://www.komplett.dk/product/1103205/hardware/pc-komponenter/grafikkort/asus-geforce-rtx-2080-ti-rog-strix-oc#
2020-07-20 08:00:02,155 : INFO : __main__ : Getting response from URL...
2020-07-20 08:00:02,271 : DEBUG : __main__ : Initiating instance of class "Komplett"
2020-07-20 08:00:02,271 : DEBUG : __main__ : Category: gpu
2020-07-20 08:00:02,271 : DEBUG : __main__ : URL: https://www.komplett.dk/product/1103205/hardware/pc-komponenter/grafikkort/asus-geforce-rtx-2080-ti-rog-strix-oc#
2020-07-20 08:00:02,272 : INFO : __main__ : Getting response from URL...
2020-07-20 08:00:05,124 : INFO : __main__ : Got response from URL
2020-07-20 08:00:05,224 : INFO : __main__ : Saving record...
2020-07-20 08:00:05,226 : INFO : __main__ : Record saved
2020-07-20 08:00:05,226 : DEBUG : __main__ : Initiating instance of class "Komplett"
2020-07-20 08:00:05,226 : DEBUG : __main__ : Category: ssd
2020-07-20 08:00:05,226 : DEBUG : __main__ : URL: https://www.komplett.dk/product/1133452/hardware/lagring/harddiskssd/ssd-m2/corsair-force-series-mp600-1tb-m2-ssd#
2020-07-20 08:00:05,226 : INFO : __main__ : Getting response from URL...
2020-07-20 08:00:06,580 : INFO : __main__ : Got response from URL
2020-07-20 08:00:06,678 : INFO : __main__ : Saving record...
2020-07-20 08:00:06,679 : INFO : __main__ : Record saved
2020-07-20 08:00:06,679 : DEBUG : __main__ : Initiating instance of class "Proshop"
2020-07-20 08:00:06,679 : DEBUG : __main__ : Category: gpu
2020-07-20 08:00:06,680 : DEBUG : __main__ : URL: https://www.proshop.dk/Grafikkort/ASUS-GeForce-RTX-2080-Ti-ROG-STRIX-OC-11GB-GDDR6-RAM-Grafikkort/2679518
2020-07-20 08:00:06,680 : INFO : __main__ : Getting response from URL...
2020-07-20 08:00:07,069 : INFO : __main__ : Got response from URl
2020-07-20 08:00:07,142 : INFO : __main__ : Saving record...
2020-07-20 08:00:07,143 : INFO : __main__ : Record saved
2020-07-20 08:00:07,143 : DEBUG : __main__ : Initiating instance of class "Proshop"
2020-07-20 08:00:07,143 : DEBUG : __main__ : Category: ssd
2020-07-20 08:00:07,143 : DEBUG : __main__ : URL: https://www.proshop.dk/SSD/Corsair-Force-MP600-NVMe-Gen4-M2-1TB/2779161
2020-07-20 08:00:07,143 : INFO : __main__ : Getting response from URL...
2020-07-20 08:00:07,330 : INFO : __main__ : Got response from URl
2020-07-20 08:00:07,399 : INFO : __main__ : Saving record...
2020-07-20 08:00:07,401 : INFO : __main__ : Record saved
2020-07-20 08:00:07,401 : DEBUG : __main__ : Initiating instance of class "Proshop"
2020-07-20 08:00:07,401 : DEBUG : __main__ : Category: gpu
2020-07-20 08:00:07,401 : DEBUG : __main__ : URL: https://www.proshop.dk/Grafikkort/ASUS-Radeon-RX-5700-XT-ROG-STRIX-OC-8GB-GDDR6-RAM-Grafikkort/2792486
2020-07-20 08:00:07,401 : INFO : __main__ : Getting response from URL...
2020-07-20 08:00:07,597 : INFO : __main__ : Got response from URl
2020-07-20 08:00:07,679 : INFO : __main__ : Saving record...
2020-07-20 08:00:07,680 : INFO : __main__ : Record saved
2020-07-20 08:00:33,268 : INFO : __main__ : Got response from URL
2020-07-20 08:00:33,372 : INFO : __main__ : Saving record...
2020-07-20 08:00:33,373 : INFO : __main__ : Record saved
2020-07-20 08:00:33,373 : DEBUG : __main__ : Initiating instance of class "Komplett"
2020-07-20 08:00:33,373 : DEBUG : __main__ : Category: ssd
2020-07-20 08:00:33,373 : DEBUG : __main__ : URL: https://www.komplett.dk/product/1133452/hardware/lagring/harddiskssd/ssd-m2/corsair-force-series-mp600-1tb-m2-ssd#
2020-07-20 08:00:33,373 : INFO : __main__ : Getting response from URL...
2020-07-20 08:00:34,668 : INFO : __main__ : Got response from URL
2020-07-20 08:00:34,767 : INFO : __main__ : Saving record...
2020-07-20 08:00:34,769 : INFO : __main__ : Record saved
2020-07-20 08:00:34,769 : DEBUG : __main__ : Initiating instance of class "Proshop"
2020-07-20 08:00:34,769 : DEBUG : __main__ : Category: gpu
2020-07-20 08:00:34,769 : DEBUG : __main__ : URL: https://www.proshop.dk/Grafikkort/ASUS-GeForce-RTX-2080-Ti-ROG-STRIX-OC-11GB-GDDR6-RAM-Grafikkort/2679518
2020-07-20 08:00:34,769 : INFO : __main__ : Getting response from URL...
2020-07-20 08:00:35,012 : INFO : __main__ : Got response from URl
2020-07-20 08:00:35,085 : INFO : __main__ : Saving record...
2020-07-20 08:00:35,087 : INFO : __main__ : Record saved
2020-07-20 08:00:35,087 : DEBUG : __main__ : Initiating instance of class "Proshop"
2020-07-20 08:00:35,087 : DEBUG : __main__ : Category: ssd
2020-07-20 08:00:35,087 : DEBUG : __main__ : URL: https://www.proshop.dk/SSD/Corsair-Force-MP600-NVMe-Gen4-M2-1TB/2779161
2020-07-20 08:00:35,087 : INFO : __main__ : Getting response from URL...
2020-07-20 08:00:35,303 : INFO : __main__ : Got response from URl
2020-07-20 08:00:35,374 : INFO : __main__ : Saving record...
2020-07-20 08:00:35,376 : INFO : __main__ : Record saved
2020-07-20 08:00:35,376 : DEBUG : __main__ : Initiating instance of class "Proshop"
2020-07-20 08:00:35,376 : DEBUG : __main__ : Category: gpu
2020-07-20 08:00:35,376 : DEBUG : __main__ : URL: https://www.proshop.dk/Grafikkort/ASUS-Radeon-RX-5700-XT-ROG-STRIX-OC-8GB-GDDR6-RAM-Grafikkort/2792486
2020-07-20 08:00:35,376 : INFO : __main__ : Getting response from URL...
2020-07-20 08:00:35,578 : INFO : __main__ : Got response from URl
2020-07-20 08:00:35,660 : INFO : __main__ : Saving record...
2020-07-20 08:00:35,661 : INFO : __main__ : Record saved
2020-07-21 08:00:05,497 : DEBUG : __main__ : Initiating instance of class "Komplett"
2020-07-21 08:00:05,497 : DEBUG : __main__ : Category: gpu
2020-07-21 08:00:05,497 : DEBUG : __main__ : URL: https://www.komplett.dk/product/1103205/hardware/pc-komponenter/grafikkort/asus-geforce-rtx-2080-ti-rog-strix-oc#
2020-07-21 08:00:05,497 : INFO : __main__ : Getting response from URL...
2020-07-21 08:00:07,350 : INFO : __main__ : Got response from URL
2020-07-21 08:00:07,452 : INFO : __main__ : Saving record...
2020-07-21 08:00:07,454 : INFO : __main__ : Record saved
2020-07-21 08:00:07,454 : DEBUG : __main__ : Initiating instance of class "Komplett"
2020-07-21 08:00:07,454 : DEBUG : __main__ : Category: ssd
2020-07-21 08:00:07,454 : DEBUG : __main__ : URL: https://www.komplett.dk/product/1133452/hardware/lagring/harddiskssd/ssd-m2/corsair-force-series-mp600-1tb-m2-ssd#
2020-07-21 08:00:07,454 : INFO : __main__ : Getting response from URL...
2020-07-21 08:00:07,788 : INFO : __main__ : Got response from URL
2020-07-21 08:00:07,886 : INFO : __main__ : Saving record...
2020-07-21 08:00:07,888 : INFO : __main__ : Record saved
2020-07-21 08:00:07,888 : DEBUG : __main__ : Initiating instance of class "Proshop"
2020-07-21 08:00:07,888 : DEBUG : __main__ : Category: gpu
2020-07-21 08:00:07,888 : DEBUG : __main__ : URL: https://www.proshop.dk/Grafikkort/ASUS-GeForce-RTX-2080-Ti-ROG-STRIX-OC-11GB-GDDR6-RAM-Grafikkort/2679518
2020-07-21 08:00:07,888 : INFO : __main__ : Getting response from URL...
2020-07-21 08:00:08,223 : INFO : __main__ : Got response from URl
2020-07-21 08:00:08,296 : INFO : __main__ : Saving record...
2020-07-21 08:00:08,297 : INFO : __main__ : Record saved
2020-07-21 08:00:08,297 : DEBUG : __main__ : Initiating instance of class "Proshop"
2020-07-21 08:00:08,298 : DEBUG : __main__ : Category: ssd
2020-07-21 08:00:08,298 : DEBUG : __main__ : URL: https://www.proshop.dk/SSD/Corsair-Force-MP600-NVMe-Gen4-M2-1TB/2779161
2020-07-21 08:00:08,298 : INFO : __main__ : Getting response from URL...
2020-07-21 08:00:08,503 : INFO : __main__ : Got response from URl
2020-07-21 08:00:08,572 : INFO : __main__ : Saving record...
2020-07-21 08:00:08,574 : INFO : __main__ : Record saved
2020-07-21 08:00:08,574 : DEBUG : __main__ : Initiating instance of class "Proshop"
2020-07-21 08:00:08,574 : DEBUG : __main__ : Category: gpu
2020-07-21 08:00:08,574 : DEBUG : __main__ : URL: https://www.proshop.dk/Grafikkort/ASUS-Radeon-RX-5700-XT-ROG-STRIX-OC-8GB-GDDR6-RAM-Grafikkort/2792486
2020-07-21 08:00:08,574 : INFO : __main__ : Getting response from URL...
2020-07-21 08:00:08,796 : INFO : __main__ : Got response from URl
2020-07-21 08:00:08,878 : INFO : __main__ : Saving record...
2020-07-21 08:00:08,880 : INFO : __main__ : Record saved
2020-07-23 08:00:02,559 : DEBUG : __main__ : Initiating instance of class "Komplett"
2020-07-23 08:00:02,572 : DEBUG : __main__ : Category: gpu
2020-07-23 08:00:02,572 : DEBUG : __main__ : URL: https://www.komplett.dk/product/1103205/hardware/pc-komponenter/grafikkort/asus-geforce-rtx-2080-ti-rog-strix-oc#
2020-07-23 08:00:02,572 : INFO : __main__ : Getting response from URL...
2020-07-23 08:00:03,976 : INFO : __main__ : Got response from URL
2020-07-23 08:00:04,125 : INFO : __main__ : Saving record...
2020-07-23 08:00:04,138 : INFO : __main__ : Record saved
2020-07-23 08:00:04,138 : DEBUG : __main__ : Initiating instance of class "Komplett"
2020-07-23 08:00:04,138 : DEBUG : __main__ : Category: ssd
2020-07-23 08:00:04,138 : DEBUG : __main__ : URL: https://www.komplett.dk/product/1133452/hardware/lagring/harddiskssd/ssd-m2/corsair-force-series-mp600-1tb-m2-ssd#
2020-07-23 08:00:04,138 : INFO : __main__ : Getting response from URL...
2020-07-23 08:00:04,695 : INFO : __main__ : Got response from URL
2020-07-23 08:00:04,799 : INFO : __main__ : Saving record...
2020-07-23 08:00:04,802 : INFO : __main__ : Record saved
2020-07-23 08:00:04,802 : DEBUG : __main__ : Initiating instance of class "Proshop"
2020-07-23 08:00:04,802 : DEBUG : __main__ : Category: gpu
2020-07-23 08:00:04,802 : DEBUG : __main__ : URL: https://www.proshop.dk/Grafikkort/ASUS-GeForce-RTX-2080-Ti-ROG-STRIX-OC-11GB-GDDR6-RAM-Grafikkort/2679518
2020-07-23 08:00:04,802 : INFO : __main__ : Getting response from URL...
2020-07-23 08:00:05,267 : INFO : __main__ : Got response from URl
2020-07-23 08:00:05,341 : INFO : __main__ : Saving record...
2020-07-23 08:00:05,344 : INFO : __main__ : Record saved
2020-07-23 08:00:05,344 : DEBUG : __main__ : Initiating instance of class "Proshop"
2020-07-23 08:00:05,344 : DEBUG : __main__ : Category: ssd
2020-07-23 08:00:05,344 : DEBUG : __main__ : URL: https://www.proshop.dk/SSD/Corsair-Force-MP600-NVMe-Gen4-M2-1TB/2779161
2020-07-23 08:00:05,344 : INFO : __main__ : Getting response from URL...
2020-07-23 08:00:05,561 : INFO : __main__ : Got response from URl
2020-07-23 08:00:05,631 : INFO : __main__ : Saving record...
2020-07-23 08:00:05,634 : INFO : __main__ : Record saved
2020-07-23 08:00:05,634 : DEBUG : __main__ : Initiating instance of class "Proshop"
2020-07-23 08:00:05,634 : DEBUG : __main__ : Category: gpu
2020-07-23 08:00:05,634 : DEBUG : __main__ : URL: https://www.proshop.dk/Grafikkort/ASUS-Radeon-RX-5700-XT-ROG-STRIX-OC-8GB-GDDR6-RAM-Grafikkort/2792486
2020-07-23 08:00:05,634 : INFO : __main__ : Getting response from URL...
2020-07-23 08:00:05,823 : INFO : __main__ : Got response from URl
2020-07-23 08:00:05,904 : INFO : __main__ : Saving record...
2020-07-23 08:00:05,907 : INFO : __main__ : Record saved
2020-07-24 08:00:02,787 : DEBUG : __main__ : Initiating instance of class "Komplett"
2020-07-24 08:00:02,800 : DEBUG : __main__ : Category: gpu
2020-07-24 08:00:02,800 : DEBUG : __main__ : URL: https://www.komplett.dk/product/1103205/hardware/pc-komponenter/grafikkort/asus-geforce-rtx-2080-ti-rog-strix-oc#
2020-07-24 08:00:02,800 : INFO : __main__ : Getting response from URL...
2020-07-24 08:00:05,077 : INFO : __main__ : Got response from URL
2020-07-24 08:00:05,195 : INFO : __main__ : Saving record...
2020-07-24 08:00:05,198 : INFO : __main__ : Record saved
2020-07-24 08:00:05,198 : DEBUG : __main__ : Initiating instance of class "Komplett"
2020-07-24 08:00:05,198 : DEBUG : __main__ : Category: ssd
2020-07-24 08:00:05,199 : DEBUG : __main__ : URL: https://www.komplett.dk/product/1133452/hardware/lagring/harddiskssd/ssd-m2/corsair-force-series-mp600-1tb-m2-ssd#
2020-07-24 08:00:05,199 : INFO : __main__ : Getting response from URL...
2020-07-24 08:00:05,610 : INFO : __main__ : Got response from URL
2020-07-24 08:00:05,707 : INFO : __main__ : Saving record...
2020-07-24 08:00:05,709 : INFO : __main__ : Record saved
2020-07-24 08:00:05,709 : DEBUG : __main__ : Initiating instance of class "Proshop"
2020-07-24 08:00:05,709 : DEBUG : __main__ : Category: gpu
2020-07-24 08:00:05,709 : DEBUG : __main__ : URL: https://www.proshop.dk/Grafikkort/ASUS-GeForce-RTX-2080-Ti-ROG-STRIX-OC-11GB-GDDR6-RAM-Grafikkort/2679518
2020-07-24 08:00:05,709 : INFO : __main__ : Getting response from URL...
2020-07-24 08:00:06,021 : INFO : __main__ : Got response from URl
2020-07-24 08:00:06,092 : INFO : __main__ : Saving record...
2020-07-24 08:00:06,094 : INFO : __main__ : Record saved
2020-07-24 08:00:06,094 : DEBUG : __main__ : Initiating instance of class "Proshop"
2020-07-24 08:00:06,094 : DEBUG : __main__ : Category: ssd
2020-07-24 08:00:06,094 : DEBUG : __main__ : URL: https://www.proshop.dk/SSD/Corsair-Force-MP600-NVMe-Gen4-M2-1TB/2779161
2020-07-24 08:00:06,094 : INFO : __main__ : Getting response from URL...
2020-07-24 08:00:06,283 : INFO : __main__ : Got response from URl
2020-07-24 08:00:06,350 : INFO : __main__ : Saving record...
2020-07-24 08:00:06,352 : INFO : __main__ : Record saved
2020-07-24 08:00:06,352 : DEBUG : __main__ : Initiating instance of class "Proshop"
2020-07-24 08:00:06,352 : DEBUG : __main__ : Category: gpu
2020-07-24 08:00:06,352 : DEBUG : __main__ : URL: https://www.proshop.dk/Grafikkort/ASUS-Radeon-RX-5700-XT-ROG-STRIX-OC-8GB-GDDR6-RAM-Grafikkort/2792486
2020-07-24 08:00:06,352 : INFO : __main__ : Getting response from URL...
2020-07-24 08:00:06,541 : INFO : __main__ : Got response from URl
2020-07-24 08:00:06,619 : INFO : __main__ : Saving record...
2020-07-24 08:00:06,621 : INFO : __main__ : Record saved
2020-07-25 08:00:03,251 : DEBUG : __main__ : Initiating instance of class "Komplett"
2020-07-25 08:00:03,251 : DEBUG : __main__ : Category: gpu
2020-07-25 08:00:03,251 : DEBUG : __main__ : URL: https://www.komplett.dk/product/1103205/hardware/pc-komponenter/grafikkort/asus-geforce-rtx-2080-ti-rog-strix-oc#
2020-07-25 08:00:03,251 : INFO : __main__ : Getting response from URL...
2020-07-25 08:00:07,273 : INFO : __main__ : Got response from URL
2020-07-25 08:00:07,401 : INFO : __main__ : Saving record...
2020-07-25 08:00:07,403 : INFO : __main__ : Record saved
2020-07-25 08:00:07,404 : DEBUG : __main__ : Initiating instance of class "Komplett"
2020-07-25 08:00:07,404 : DEBUG : __main__ : Category: ssd
2020-07-25 08:00:07,404 : DEBUG : __main__ : URL: https://www.komplett.dk/product/1133452/hardware/lagring/harddiskssd/ssd-m2/corsair-force-series-mp600-1tb-m2-ssd#
2020-07-25 08:00:07,404 : INFO : __main__ : Getting response from URL...
2020-07-25 08:00:07,685 : INFO : __main__ : Got response from URL
2020-07-25 08:00:07,785 : INFO : __main__ : Saving record...
2020-07-25 08:00:07,787 : INFO : __main__ : Record saved
2020-07-25 08:00:07,787 : DEBUG : __main__ : Initiating instance of class "Proshop"
2020-07-25 08:00:07,787 : DEBUG : __main__ : Category: gpu
2020-07-25 08:00:07,787 : DEBUG : __main__ : URL: https://www.proshop.dk/Grafikkort/ASUS-GeForce-RTX-2080-Ti-ROG-STRIX-OC-11GB-GDDR6-RAM-Grafikkort/2679518
2020-07-25 08:00:07,787 : INFO : __main__ : Getting response from URL...
2020-07-25 08:00:08,166 : INFO : __main__ : Got response from URl
2020-07-25 08:00:08,238 : INFO : __main__ : Saving record...
2020-07-25 08:00:08,240 : INFO : __main__ : Record saved
2020-07-25 08:00:08,240 : DEBUG : __main__ : Initiating instance of class "Proshop"
2020-07-25 08:00:08,240 : DEBUG : __main__ : Category: ssd
2020-07-25 08:00:08,240 : DEBUG : __main__ : URL: https://www.proshop.dk/SSD/Corsair-Force-MP600-NVMe-Gen4-M2-1TB/2779161
2020-07-25 08:00:08,240 : INFO : __main__ : Getting response from URL...
2020-07-25 08:00:08,445 : INFO : __main__ : Got response from URl
2020-07-25 08:00:08,513 : INFO : __main__ : Saving record...
2020-07-25 08:00:08,515 : INFO : __main__ : Record saved
2020-07-25 08:00:08,515 : DEBUG : __main__ : Initiating instance of class "Proshop"
2020-07-25 08:00:08,515 : DEBUG : __main__ : Category: gpu
2020-07-25 08:00:08,515 : DEBUG : __main__ : URL: https://www.proshop.dk/Grafikkort/ASUS-Radeon-RX-5700-XT-ROG-STRIX-OC-8GB-GDDR6-RAM-Grafikkort/2792486
2020-07-25 08:00:08,515 : INFO : __main__ : Getting response from URL...
2020-07-25 08:00:08,709 : INFO : __main__ : Got response from URl
2020-07-25 08:00:08,789 : INFO : __main__ : Saving record...
2020-07-25 08:00:08,791 : INFO : __main__ : Record saved
2020-07-26 08:00:02,442 : DEBUG : __main__ : Initiating instance of class "Komplett"
2020-07-26 08:00:02,443 : DEBUG : __main__ : Category: gpu
2020-07-26 08:00:02,443 : DEBUG : __main__ : URL: https://www.komplett.dk/product/1103205/hardware/pc-komponenter/grafikkort/asus-geforce-rtx-2080-ti-rog-strix-oc#
2020-07-26 08:00:02,443 : INFO : __main__ : Getting response from URL...
2020-07-26 08:00:03,102 : INFO : __main__ : Got response from URL
2020-07-26 08:00:03,203 : INFO : __main__ : Saving record...
2020-07-26 08:00:03,205 : INFO : __main__ : Record saved
2020-07-26 08:00:03,205 : DEBUG : __main__ : Initiating instance of class "Komplett"
2020-07-26 08:00:03,205 : DEBUG : __main__ : Category: ssd
2020-07-26 08:00:03,206 : DEBUG : __main__ : URL: https://www.komplett.dk/product/1133452/hardware/lagring/harddiskssd/ssd-m2/corsair-force-series-mp600-1tb-m2-ssd#
2020-07-26 08:00:03,206 : INFO : __main__ : Getting response from URL...
2020-07-26 08:00:03,505 : INFO : __main__ : Got response from URL
2020-07-26 08:00:03,603 : INFO : __main__ : Saving record...
2020-07-26 08:00:03,605 : INFO : __main__ : Record saved
2020-07-26 08:00:03,605 : DEBUG : __main__ : Initiating instance of class "Proshop"
2020-07-26 08:00:03,605 : DEBUG : __main__ : Category: gpu
2020-07-26 08:00:03,606 : DEBUG : __main__ : URL: https://www.proshop.dk/Grafikkort/ASUS-GeForce-RTX-2080-Ti-ROG-STRIX-OC-11GB-GDDR6-RAM-Grafikkort/2679518
2020-07-26 08:00:03,606 : INFO : __main__ : Getting response from URL...
2020-07-26 08:00:03,924 : INFO : __main__ : Got response from URl
2020-07-26 08:00:03,993 : INFO : __main__ : Saving record...
2020-07-26 08:00:03,995 : INFO : __main__ : Record saved
2020-07-26 08:00:03,995 : DEBUG : __main__ : Initiating instance of class "Proshop"
2020-07-26 08:00:03,995 : DEBUG : __main__ : Category: ssd
2020-07-26 08:00:03,995 : DEBUG : __main__ : URL: https://www.proshop.dk/SSD/Corsair-Force-MP600-NVMe-Gen4-M2-1TB/2779161
2020-07-26 08:00:03,995 : INFO : __main__ : Getting response from URL...
2020-07-26 08:00:04,190 : INFO : __main__ : Got response from URl
2020-07-26 08:00:04,258 : INFO : __main__ : Saving record...
2020-07-26 08:00:04,259 : INFO : __main__ : Record saved
2020-07-26 08:00:04,260 : DEBUG : __main__ : Initiating instance of class "Proshop"
2020-07-26 08:00:04,260 : DEBUG : __main__ : Category: gpu
2020-07-26 08:00:04,260 : DEBUG : __main__ : URL: https://www.proshop.dk/Grafikkort/ASUS-Radeon-RX-5700-XT-ROG-STRIX-OC-8GB-GDDR6-RAM-Grafikkort/2792486
2020-07-26 08:00:04,260 : INFO : __main__ : Getting response from URL...
2020-07-26 08:00:04,451 : INFO : __main__ : Got response from URl
2020-07-26 08:00:04,533 : INFO : __main__ : Saving record...
2020-07-26 08:00:04,535 : INFO : __main__ : Record saved
2020-07-27 08:00:03,627 : DEBUG : __main__ : Initiating instance of class "Komplett"
2020-07-27 08:00:03,640 : DEBUG : __main__ : Category: gpu
2020-07-27 08:00:03,640 : DEBUG : __main__ : URL: https://www.komplett.dk/product/1103205/hardware/pc-komponenter/grafikkort/asus-geforce-rtx-2080-ti-rog-strix-oc#
2020-07-27 08:00:03,640 : INFO : __main__ : Getting response from URL...
2020-07-27 08:00:05,326 : INFO : __main__ : Got response from URL
2020-07-27 08:00:05,440 : INFO : __main__ : Saving record...
2020-07-27 08:00:05,442 : INFO : __main__ : Record saved
2020-07-27 08:00:05,442 : DEBUG : __main__ : Initiating instance of class "Komplett"
2020-07-27 08:00:05,442 : DEBUG : __main__ : Category: ssd
2020-07-27 08:00:05,442 : DEBUG : __main__ : URL: https://www.komplett.dk/product/1133452/hardware/lagring/harddiskssd/ssd-m2/corsair-force-series-mp600-1tb-m2-ssd#
2020-07-27 08:00:05,442 : INFO : __main__ : Getting response from URL...
2020-07-27 08:00:07,696 : INFO : __main__ : Got response from URL
2020-07-27 08:00:07,794 : INFO : __main__ : Saving record...
2020-07-27 08:00:07,796 : INFO : __main__ : Record saved
2020-07-27 08:00:07,796 : DEBUG : __main__ : Initiating instance of class "Proshop"
2020-07-27 08:00:07,796 : DEBUG : __main__ : Category: gpu
2020-07-27 08:00:07,796 : DEBUG : __main__ : URL: https://www.proshop.dk/Grafikkort/ASUS-GeForce-RTX-2080-Ti-ROG-STRIX-OC-11GB-GDDR6-RAM-Grafikkort/2679518
2020-07-27 08:00:07,796 : INFO : __main__ : Getting response from URL...
2020-07-27 08:00:08,178 : INFO : __main__ : Got response from URl
2020-07-27 08:00:08,249 : INFO : __main__ : Saving record...
2020-07-27 08:00:08,251 : INFO : __main__ : Record saved
2020-07-27 08:00:08,251 : DEBUG : __main__ : Initiating instance of class "Proshop"
2020-07-27 08:00:08,251 : DEBUG : __main__ : Category: ssd
2020-07-27 08:00:08,251 : DEBUG : __main__ : URL: https://www.proshop.dk/SSD/Corsair-Force-MP600-NVMe-Gen4-M2-1TB/2779161
2020-07-27 08:00:08,251 : INFO : __main__ : Getting response from URL...
2020-07-27 08:00:08,413 : INFO : __main__ : Got response from URl
2020-07-27 08:00:08,480 : INFO : __main__ : Saving record...
2020-07-27 08:00:08,482 : INFO : __main__ : Record saved
2020-07-27 08:00:08,482 : DEBUG : __main__ : Initiating instance of class "Proshop"
2020-07-27 08:00:08,482 : DEBUG : __main__ : Category: gpu
2020-07-27 08:00:08,482 : DEBUG : __main__ : URL: https://www.proshop.dk/Grafikkort/ASUS-Radeon-RX-5700-XT-ROG-STRIX-OC-8GB-GDDR6-RAM-Grafikkort/2792486
2020-07-27 08:00:08,482 : INFO : __main__ : Getting response from URL...
2020-07-27 08:00:08,763 : INFO : __main__ : Got response from URl
2020-07-27 08:00:08,841 : INFO : __main__ : Saving record...
2020-07-27 08:00:08,843 : INFO : __main__ : Record saved
2020-07-28 08:00:01,938 : DEBUG : __main__ : Initiating instance of class "Komplett"
2020-07-28 08:00:01,938 : DEBUG : __main__ : Category: gpu
2020-07-28 08:00:01,938 : DEBUG : __main__ : URL: https://www.komplett.dk/product/1103205/hardware/pc-komponenter/grafikkort/asus-geforce-rtx-2080-ti-rog-strix-oc#
2020-07-28 08:00:01,938 : INFO : __main__ : Getting response from URL...
2020-07-28 08:00:02,748 : INFO : __main__ : Got response from URL
2020-07-28 08:00:02,851 : INFO : __main__ : Saving record...
2020-07-28 08:00:02,853 : INFO : __main__ : Record saved
2020-07-28 08:00:02,853 : DEBUG : __main__ : Initiating instance of class "Komplett"
2020-07-28 08:00:02,853 : DEBUG : __main__ : Category: ssd
2020-07-28 08:00:02,853 : DEBUG : __main__ : URL: https://www.komplett.dk/product/1133452/hardware/lagring/harddiskssd/ssd-m2/corsair-force-series-mp600-1tb-m2-ssd#
2020-07-28 08:00:02,854 : INFO : __main__ : Getting response from URL...
2020-07-28 08:00:03,179 : INFO : __main__ : Got response from URL
2020-07-28 08:00:03,277 : INFO : __main__ : Saving record...
2020-07-28 08:00:03,279 : INFO : __main__ : Record saved
2020-07-28 08:00:03,279 : DEBUG : __main__ : Initiating instance of class "Proshop"
2020-07-28 08:00:03,279 : DEBUG : __main__ : Category: gpu
2020-07-28 08:00:03,279 : DEBUG : __main__ : URL: https://www.proshop.dk/Grafikkort/ASUS-GeForce-RTX-2080-Ti-ROG-STRIX-OC-11GB-GDDR6-RAM-Grafikkort/2679518
2020-07-28 08:00:03,279 : INFO : __main__ : Getting response from URL...
2020-07-28 08:00:03,586 : INFO : __main__ : Got response from URl
2020-07-28 08:00:03,656 : INFO : __main__ : Saving record...
2020-07-28 08:00:03,658 : INFO : __main__ : Record saved
2020-07-28 08:00:03,658 : DEBUG : __main__ : Initiating instance of class "Proshop"
2020-07-28 08:00:03,658 : DEBUG : __main__ : Category: ssd
2020-07-28 08:00:03,659 : DEBUG : __main__ : URL: https://www.proshop.dk/SSD/Corsair-Force-MP600-NVMe-Gen4-M2-1TB/2779161
2020-07-28 08:00:03,659 : INFO : __main__ : Getting response from URL...
2020-07-28 08:00:03,857 : INFO : __main__ : Got response from URl
2020-07-28 08:00:03,925 : INFO : __main__ : Saving record...
2020-07-28 08:00:03,927 : INFO : __main__ : Record saved
2020-07-28 08:00:03,928 : DEBUG : __main__ : Initiating instance of class "Proshop"
2020-07-28 08:00:03,928 : DEBUG : __main__ : Category: gpu
2020-07-28 08:00:03,928 : DEBUG : __main__ : URL: https://www.proshop.dk/Grafikkort/ASUS-Radeon-RX-5700-XT-ROG-STRIX-OC-8GB-GDDR6-RAM-Grafikkort/2792486
2020-07-28 08:00:03,928 : INFO : __main__ : Getting response from URL...
2020-07-28 08:00:04,127 : INFO : __main__ : Got response from URl
2020-07-28 08:00:04,207 : INFO : __main__ : Saving record...
2020-07-28 08:00:04,209 : INFO : __main__ : Record saved
2020-07-29 08:00:01,931 : DEBUG : __main__ : Initiating class "Komplett"
2020-07-29 08:00:01,931 : DEBUG : __main__ : Category: gpu
2020-07-29 08:00:01,931 : DEBUG : __main__ : URL: https://www.komplett.dk/product/1103205/hardware/pc-komponenter/grafikkort/asus-geforce-rtx-2080-ti-rog-strix-oc#
2020-07-29 08:00:01,931 : INFO : __main__ : Getting response from URL...
2020-07-29 08:00:03,512 : INFO : __main__ : Got response from URL
2020-07-29 08:00:03,617 : INFO : __main__ : Saving record...
2020-07-29 08:00:03,620 : INFO : __main__ : Record saved
2020-07-29 08:00:03,620 : DEBUG : __main__ : Initiating class "Komplett"
2020-07-29 08:00:03,620 : DEBUG : __main__ : Category: ssd
2020-07-29 08:00:03,620 : DEBUG : __main__ : URL: https://www.komplett.dk/product/1133452/hardware/lagring/harddiskssd/ssd-m2/corsair-force-series-mp600-1tb-m2-ssd#
2020-07-29 08:00:03,620 : INFO : __main__ : Getting response from URL...
2020-07-29 08:00:03,898 : INFO : __main__ : Got response from URL
2020-07-29 08:00:03,998 : INFO : __main__ : Saving record...
2020-07-29 08:00:04,000 : INFO : __main__ : Record saved
2020-07-29 08:00:04,000 : DEBUG : __main__ : Initiating class "Proshop"
2020-07-29 08:00:04,000 : DEBUG : __main__ : Category: gpu
2020-07-29 08:00:04,000 : DEBUG : __main__ : URL: https://www.proshop.dk/Grafikkort/ASUS-GeForce-RTX-2080-Ti-ROG-STRIX-OC-11GB-GDDR6-RAM-Grafikkort/2679518
2020-07-29 08:00:04,000 : INFO : __main__ : Getting response from URL...
2020-07-29 08:00:04,425 : INFO : __main__ : Got response from URl
2020-07-29 08:00:04,496 : INFO : __main__ : Saving record...
2020-07-29 08:00:04,498 : INFO : __main__ : Record saved
2020-07-29 08:00:04,498 : DEBUG : __main__ : Initiating class "Proshop"
2020-07-29 08:00:04,498 : DEBUG : __main__ : Category: ssd
2020-07-29 08:00:04,498 : DEBUG : __main__ : URL: https://www.proshop.dk/SSD/Corsair-Force-MP600-NVMe-Gen4-M2-1TB/2779161
2020-07-29 08:00:04,498 : INFO : __main__ : Getting response from URL...
2020-07-29 08:00:04,700 : INFO : __main__ : Got response from URl
2020-07-29 08:00:04,768 : INFO : __main__ : Saving record...
2020-07-29 08:00:04,770 : INFO : __main__ : Record saved
2020-07-29 08:00:04,770 : DEBUG : __main__ : Initiating class "Proshop"
2020-07-29 08:00:04,770 : DEBUG : __main__ : Category: gpu
2020-07-29 08:00:04,770 : DEBUG : __main__ : URL: https://www.proshop.dk/Grafikkort/ASUS-Radeon-RX-5700-XT-ROG-STRIX-OC-8GB-GDDR6-RAM-Grafikkort/2792486
2020-07-29 08:00:04,770 : INFO : __main__ : Getting response from URL...
2020-07-29 08:00:04,974 : INFO : __main__ : Got response from URl
2020-07-29 08:00:05,056 : INFO : __main__ : Saving record...
2020-07-29 08:00:05,058 : INFO : __main__ : Record saved
2020-07-30 08:00:02,001 : DEBUG : __main__ : Initiating class "Komplett"
2020-07-30 08:00:02,001 : DEBUG : __main__ : Category: gpu
2020-07-30 08:00:02,001 : DEBUG : __main__ : URL: https://www.komplett.dk/product/1103205/hardware/pc-komponenter/grafikkort/asus-geforce-rtx-2080-ti-rog-strix-oc#
2020-07-30 08:00:02,001 : INFO : __main__ : Getting response from URL...
2020-07-30 08:00:03,395 : INFO : __main__ : Got response from URL
2020-07-30 08:00:03,495 : INFO : __main__ : Saving record...
2020-07-30 08:00:03,497 : INFO : __main__ : Record saved
2020-07-30 08:00:03,497 : DEBUG : __main__ : Initiating class "Komplett"
2020-07-30 08:00:03,498 : DEBUG : __main__ : Category: ssd
2020-07-30 08:00:03,498 : DEBUG : __main__ : URL: https://www.komplett.dk/product/1133452/hardware/lagring/harddiskssd/ssd-m2/corsair-force-series-mp600-1tb-m2-ssd#
2020-07-30 08:00:03,498 : INFO : __main__ : Getting response from URL...
2020-07-30 08:00:04,028 : INFO : __main__ : Got response from URL
2020-07-30 08:00:04,128 : INFO : __main__ : Saving record...
2020-07-30 08:00:04,130 : INFO : __main__ : Record saved
2020-07-30 08:00:04,130 : DEBUG : __main__ : Initiating class "Proshop"
2020-07-30 08:00:04,130 : DEBUG : __main__ : Category: gpu
2020-07-30 08:00:04,131 : DEBUG : __main__ : URL: https://www.proshop.dk/Grafikkort/ASUS-GeForce-RTX-2080-Ti-ROG-STRIX-OC-11GB-GDDR6-RAM-Grafikkort/2679518
2020-07-30 08:00:04,131 : INFO : __main__ : Getting response from URL...
2020-07-30 08:00:04,410 : INFO : __main__ : Got response from URl
2020-07-30 08:00:04,478 : INFO : __main__ : Saving record...
2020-07-30 08:00:04,480 : INFO : __main__ : Record saved
2020-07-30 08:00:04,481 : DEBUG : __main__ : Initiating class "Proshop"
2020-07-30 08:00:04,481 : DEBUG : __main__ : Category: ssd
2020-07-30 08:00:04,481 : DEBUG : __main__ : URL: https://www.proshop.dk/SSD/Corsair-Force-MP600-NVMe-Gen4-M2-1TB/2779161
2020-07-30 08:00:04,481 : INFO : __main__ : Getting response from URL...
2020-07-30 08:00:04,680 : INFO : __main__ : Got response from URl
2020-07-30 08:00:04,744 : INFO : __main__ : Saving record...
2020-07-30 08:00:04,746 : INFO : __main__ : Record saved
2020-07-30 08:00:04,746 : DEBUG : __main__ : Initiating class "Proshop"
2020-07-30 08:00:04,746 : DEBUG : __main__ : Category: gpu
2020-07-30 08:00:04,746 : DEBUG : __main__ : URL: https://www.proshop.dk/Grafikkort/ASUS-Radeon-RX-5700-XT-ROG-STRIX-OC-8GB-GDDR6-RAM-Grafikkort/2792486
2020-07-30 08:00:04,746 : INFO : __main__ : Getting response from URL...
2020-07-30 08:00:04,940 : INFO : __main__ : Got response from URl
2020-07-30 08:00:05,018 : INFO : __main__ : Saving record...
2020-07-30 08:00:05,020 : INFO : __main__ : Record saved
2020-07-31 08:00:02,283 : DEBUG : __main__ : Initiating class "Komplett"
2020-07-31 08:00:02,283 : DEBUG : __main__ : Category: gpu
2020-07-31 08:00:02,284 : DEBUG : __main__ : URL: https://www.komplett.dk/product/1103205/hardware/pc-komponenter/grafikkort/asus-geforce-rtx-2080-ti-rog-strix-oc#
2020-07-31 08:00:02,284 : INFO : __main__ : Getting response from URL...
2020-07-31 08:00:02,894 : INFO : __main__ : Got response from URL
2020-07-31 08:00:02,994 : INFO : __main__ : Saving record...
2020-07-31 08:00:02,997 : INFO : __main__ : Record saved
2020-07-31 08:00:02,997 : DEBUG : __main__ : Initiating class "Komplett"
2020-07-31 08:00:02,997 : DEBUG : __main__ : Category: ssd
2020-07-31 08:00:02,997 : DEBUG : __main__ : URL: https://www.komplett.dk/product/1133452/hardware/lagring/harddiskssd/ssd-m2/corsair-force-series-mp600-1tb-m2-ssd#
2020-07-31 08:00:02,997 : INFO : __main__ : Getting response from URL...
2020-07-31 08:00:03,340 : INFO : __main__ : Got response from URL
2020-07-31 08:00:03,438 : INFO : __main__ : Saving record...
2020-07-31 08:00:03,441 : INFO : __main__ : Record saved
2020-07-31 08:00:03,441 : DEBUG : __main__ : Initiating class "Proshop"
2020-07-31 08:00:03,441 : DEBUG : __main__ : Category: gpu
2020-07-31 08:00:03,441 : DEBUG : __main__ : URL: https://www.proshop.dk/Grafikkort/ASUS-GeForce-RTX-2080-Ti-ROG-STRIX-OC-11GB-GDDR6-RAM-Grafikkort/2679518
2020-07-31 08:00:03,441 : INFO : __main__ : Getting response from URL...
2020-07-31 08:00:03,704 : INFO : __main__ : Got response from URl
2020-07-31 08:00:03,771 : INFO : __main__ : Saving record...
2020-07-31 08:00:03,774 : INFO : __main__ : Record saved
2020-07-31 08:00:03,774 : DEBUG : __main__ : Initiating class "Proshop"
2020-07-31 08:00:03,774 : DEBUG : __main__ : Category: ssd
2020-07-31 08:00:03,774 : DEBUG : __main__ : URL: https://www.proshop.dk/SSD/Corsair-Force-MP600-NVMe-Gen4-M2-1TB/2779161
2020-07-31 08:00:03,774 : INFO : __main__ : Getting response from URL...
2020-07-31 08:00:03,956 : INFO : __main__ : Got response from URl
2020-07-31 08:00:04,025 : INFO : __main__ : Saving record...
2020-07-31 08:00:04,027 : INFO : __main__ : Record saved
2020-07-31 08:00:04,027 : DEBUG : __main__ : Initiating class "Proshop"
2020-07-31 08:00:04,027 : DEBUG : __main__ : Category: gpu
2020-07-31 08:00:04,027 : DEBUG : __main__ : URL: https://www.proshop.dk/Grafikkort/ASUS-Radeon-RX-5700-XT-ROG-STRIX-OC-8GB-GDDR6-RAM-Grafikkort/2792486
2020-07-31 08:00:04,027 : INFO : __main__ : Getting response from URL...
2020-07-31 08:00:04,222 : INFO : __main__ : Got response from URl
2020-07-31 08:00:04,299 : INFO : __main__ : Saving record...
2020-07-31 08:00:04,301 : INFO : __main__ : Record saved
2020-08-01 08:00:02,402 : DEBUG : __main__ : Initiating class "Komplett"
2020-08-01 08:00:02,402 : DEBUG : __main__ : Category: gpu
2020-08-01 08:00:02,403 : DEBUG : __main__ : URL: https://www.komplett.dk/product/1103205/hardware/pc-komponenter/grafikkort/asus-geforce-rtx-2080-ti-rog-strix-oc#
2020-08-01 08:00:02,403 : INFO : __main__ : Getting response from URL...
2020-08-01 08:00:03,325 : INFO : __main__ : Got response from URL
2020-08-01 08:00:03,428 : INFO : __main__ : Saving record...
2020-08-01 08:00:03,430 : INFO : __main__ : Record saved
2020-08-01 08:00:03,431 : DEBUG : __main__ : Initiating class "Komplett"
2020-08-01 08:00:03,431 : DEBUG : __main__ : Category: ssd
2020-08-01 08:00:03,431 : DEBUG : __main__ : URL: https://www.komplett.dk/product/1133452/hardware/lagring/harddiskssd/ssd-m2/corsair-force-series-mp600-1tb-m2-ssd#
2020-08-01 08:00:03,431 : INFO : __main__ : Getting response from URL...
2020-08-01 08:00:03,705 : INFO : __main__ : Got response from URL
2020-08-01 08:00:03,806 : INFO : __main__ : Saving record...
2020-08-01 08:00:03,808 : INFO : __main__ : Record saved
2020-08-01 08:00:03,808 : DEBUG : __main__ : Initiating class "Proshop"
2020-08-01 08:00:03,808 : DEBUG : __main__ : Category: gpu
2020-08-01 08:00:03,808 : DEBUG : __main__ : URL: https://www.proshop.dk/Grafikkort/ASUS-GeForce-RTX-2080-Ti-ROG-STRIX-OC-11GB-GDDR6-RAM-Grafikkort/2679518
2020-08-01 08:00:03,808 : INFO : __main__ : Getting response from URL...
2020-08-01 08:00:04,079 : INFO : __main__ : Got response from URl
2020-08-01 08:00:04,147 : INFO : __main__ : Saving record...
2020-08-01 08:00:04,150 : INFO : __main__ : Record saved
2020-08-01 08:00:04,150 : DEBUG : __main__ : Initiating class "Proshop"
2020-08-01 08:00:04,150 : DEBUG : __main__ : Category: ssd
2020-08-01 08:00:04,150 : DEBUG : __main__ : URL: https://www.proshop.dk/SSD/Corsair-Force-MP600-NVMe-Gen4-M2-1TB/2779161
2020-08-01 08:00:04,150 : INFO : __main__ : Getting response from URL...
2020-08-01 08:00:04,339 : INFO : __main__ : Got response from URl
2020-08-01 08:00:04,402 : INFO : __main__ : Saving record...
2020-08-01 08:00:04,404 : INFO : __main__ : Record saved
2020-08-01 08:00:04,405 : DEBUG : __main__ : Initiating class "Proshop"
2020-08-01 08:00:04,405 : DEBUG : __main__ : Category: gpu
2020-08-01 08:00:04,405 : DEBUG : __main__ : URL: https://www.proshop.dk/Grafikkort/ASUS-Radeon-RX-5700-XT-ROG-STRIX-OC-8GB-GDDR6-RAM-Grafikkort/2792486
2020-08-01 08:00:04,405 : INFO : __main__ : Getting response from URL...
2020-08-01 08:00:04,587 : INFO : __main__ : Got response from URl
2020-08-01 08:00:04,645 : INFO : __main__ : Saving record...
2020-08-01 08:00:04,647 : INFO : __main__ : Record saved
2020-08-02 08:00:02,097 : DEBUG : __main__ : Initiating class "Komplett"
2020-08-02 08:00:02,097 : DEBUG : __main__ : Category: gpu
2020-08-02 08:00:02,097 : DEBUG : __main__ : URL: https://www.komplett.dk/product/1103205/hardware/pc-komponenter/grafikkort/asus-geforce-rtx-2080-ti-rog-strix-oc#
2020-08-02 08:00:02,097 : INFO : __main__ : Getting response from URL...
2020-08-02 08:00:03,676 : INFO : __main__ : Got response from URL
2020-08-02 08:00:03,782 : INFO : __main__ : Saving record...
2020-08-02 08:00:03,785 : INFO : __main__ : Record saved
2020-08-02 08:00:03,785 : DEBUG : __main__ : Initiating class "Komplett"
2020-08-02 08:00:03,785 : DEBUG : __main__ : Category: ssd
2020-08-02 08:00:03,785 : DEBUG : __main__ : URL: https://www.komplett.dk/product/1133452/hardware/lagring/harddiskssd/ssd-m2/corsair-force-series-mp600-1tb-m2-ssd#
2020-08-02 08:00:03,785 : INFO : __main__ : Getting response from URL...
2020-08-02 08:00:03,956 : INFO : __main__ : Got response from URL
2020-08-02 08:00:04,061 : INFO : __main__ : Saving record...
2020-08-02 08:00:04,064 : INFO : __main__ : Record saved
2020-08-02 08:00:04,064 : DEBUG : __main__ : Initiating class "Proshop"
2020-08-02 08:00:04,064 : DEBUG : __main__ : Category: gpu
2020-08-02 08:00:04,064 : DEBUG : __main__ : URL: https://www.proshop.dk/Grafikkort/ASUS-GeForce-RTX-2080-Ti-ROG-STRIX-OC-11GB-GDDR6-RAM-Grafikkort/2679518
2020-08-02 08:00:04,064 : INFO : __main__ : Getting response from URL...
2020-08-02 08:00:04,410 : INFO : __main__ : Got response from URl
2020-08-02 08:00:04,482 : INFO : __main__ : Saving record...
2020-08-02 08:00:04,484 : INFO : __main__ : Record saved
2020-08-02 08:00:04,485 : DEBUG : __main__ : Initiating class "Proshop"
2020-08-02 08:00:04,485 : DEBUG : __main__ : Category: ssd
2020-08-02 08:00:04,485 : DEBUG : __main__ : URL: https://www.proshop.dk/SSD/Corsair-Force-MP600-NVMe-Gen4-M2-1TB/2779161
2020-08-02 08:00:04,485 : INFO : __main__ : Getting response from URL...
2020-08-02 08:00:04,650 : INFO : __main__ : Got response from URl
2020-08-02 08:00:04,717 : INFO : __main__ : Saving record...
2020-08-02 08:00:04,719 : INFO : __main__ : Record saved
2020-08-02 08:00:04,720 : DEBUG : __main__ : Initiating class "Proshop"
2020-08-02 08:00:04,720 : DEBUG : __main__ : Category: gpu
2020-08-02 08:00:04,720 : DEBUG : __main__ : URL: https://www.proshop.dk/Grafikkort/ASUS-Radeon-RX-5700-XT-ROG-STRIX-OC-8GB-GDDR6-RAM-Grafikkort/2792486
2020-08-02 08:00:04,720 : INFO : __main__ : Getting response from URL...
2020-08-02 08:00:04,900 : INFO : __main__ : Got response from URl
2020-08-02 08:00:04,968 : INFO : __main__ : Saving record...
2020-08-02 08:00:04,970 : INFO : __main__ : Record saved
2020-08-03 08:00:02,732 : DEBUG : __main__ : Initiating class "Komplett"
2020-08-03 08:00:02,732 : DEBUG : __main__ : Category: gpu
2020-08-03 08:00:02,733 : DEBUG : __main__ : URL: https://www.komplett.dk/product/1103205/hardware/pc-komponenter/grafikkort/asus-geforce-rtx-2080-ti-rog-strix-oc#
2020-08-03 08:00:02,733 : INFO : __main__ : Getting response from URL...
2020-08-03 08:00:03,971 : INFO : __main__ : Got response from URL
2020-08-03 08:00:04,085 : INFO : __main__ : Saving record...
2020-08-03 08:00:04,089 : INFO : __main__ : Record saved
2020-08-03 08:00:04,089 : DEBUG : __main__ : Initiating class "Komplett"
2020-08-03 08:00:04,089 : DEBUG : __main__ : Category: ssd
2020-08-03 08:00:04,089 : DEBUG : __main__ : URL: https://www.komplett.dk/product/1133452/hardware/lagring/harddiskssd/ssd-m2/corsair-force-series-mp600-1tb-m2-ssd#
2020-08-03 08:00:04,089 : INFO : __main__ : Getting response from URL...
2020-08-03 08:00:04,336 : INFO : __main__ : Got response from URL
2020-08-03 08:00:04,439 : INFO : __main__ : Saving record...
2020-08-03 08:00:04,441 : INFO : __main__ : Record saved
2020-08-03 08:00:04,441 : DEBUG : __main__ : Initiating class "Proshop"
2020-08-03 08:00:04,441 : DEBUG : __main__ : Category: gpu
2020-08-03 08:00:04,441 : DEBUG : __main__ : URL: https://www.proshop.dk/Grafikkort/ASUS-GeForce-RTX-2080-Ti-ROG-STRIX-OC-11GB-GDDR6-RAM-Grafikkort/2679518
2020-08-03 08:00:04,442 : INFO : __main__ : Getting response from URL...
2020-08-03 08:00:04,790 : INFO : __main__ : Got response from URl
2020-08-03 08:00:04,859 : INFO : __main__ : Saving record...
2020-08-03 08:00:04,862 : INFO : __main__ : Record saved
2020-08-03 08:00:04,862 : DEBUG : __main__ : Initiating class "Proshop"
2020-08-03 08:00:04,862 : DEBUG : __main__ : Category: ssd
2020-08-03 08:00:04,862 : DEBUG : __main__ : URL: https://www.proshop.dk/SSD/Corsair-Force-MP600-NVMe-Gen4-M2-1TB/2779161
2020-08-03 08:00:04,862 : INFO : __main__ : Getting response from URL...
2020-08-03 08:00:04,963 : INFO : __main__ : Got response from URl
2020-08-03 08:00:05,025 : INFO : __main__ : Saving record...
2020-08-03 08:00:05,028 : INFO : __main__ : Record saved
2020-08-03 08:00:05,028 : DEBUG : __main__ : Initiating class "Proshop"
2020-08-03 08:00:05,028 : DEBUG : __main__ : Category: gpu
2020-08-03 08:00:05,028 : DEBUG : __main__ : URL: https://www.proshop.dk/Grafikkort/ASUS-Radeon-RX-5700-XT-ROG-STRIX-OC-8GB-GDDR6-RAM-Grafikkort/2792486
2020-08-03 08:00:05,028 : INFO : __main__ : Getting response from URL...
2020-08-03 08:00:05,242 : INFO : __main__ : Got response from URl
2020-08-03 08:00:05,300 : INFO : __main__ : Saving record...
2020-08-03 08:00:05,303 : INFO : __main__ : Record saved
2020-08-04 08:00:02,017 : DEBUG : __main__ : Initiating class "Komplett"
2020-08-04 08:00:02,017 : DEBUG : __main__ : Category: gpu
2020-08-04 08:00:02,017 : DEBUG : __main__ : URL: https://www.komplett.dk/product/1103205/hardware/pc-komponenter/grafikkort/asus-geforce-rtx-2080-ti-rog-strix-oc#
2020-08-04 08:00:02,017 : INFO : __main__ : Getting response from URL...
2020-08-04 08:00:03,385 : INFO : __main__ : Got response from URL
2020-08-04 08:00:03,492 : INFO : __main__ : Saving record...
2020-08-04 08:00:03,494 : INFO : __main__ : Record saved
2020-08-04 08:00:03,494 : DEBUG : __main__ : Initiating class "Komplett"
2020-08-04 08:00:03,494 : DEBUG : __main__ : Category: ssd
2020-08-04 08:00:03,495 : DEBUG : __main__ : URL: https://www.komplett.dk/product/1133452/hardware/lagring/harddiskssd/ssd-m2/corsair-force-series-mp600-1tb-m2-ssd#
2020-08-04 08:00:03,495 : INFO : __main__ : Getting response from URL...
2020-08-04 08:00:03,862 : INFO : __main__ : Got response from URL
2020-08-04 08:00:03,977 : INFO : __main__ : Saving record...
2020-08-04 08:00:03,980 : INFO : __main__ : Record saved
2020-08-04 08:00:03,980 : DEBUG : __main__ : Initiating class "Proshop"
2020-08-04 08:00:03,980 : DEBUG : __main__ : Category: gpu
2020-08-04 08:00:03,980 : DEBUG : __main__ : URL: https://www.proshop.dk/Grafikkort/ASUS-GeForce-RTX-2080-Ti-ROG-STRIX-OC-11GB-GDDR6-RAM-Grafikkort/2679518
2020-08-04 08:00:03,980 : INFO : __main__ : Getting response from URL...
2020-08-04 08:00:04,269 : INFO : __main__ : Got response from URl
2020-08-04 08:00:04,346 : INFO : __main__ : Saving record...
2020-08-04 08:00:04,349 : INFO : __main__ : Record saved
2020-08-04 08:00:04,349 : DEBUG : __main__ : Initiating class "Proshop"
2020-08-04 08:00:04,349 : DEBUG : __main__ : Category: ssd
2020-08-04 08:00:04,349 : DEBUG : __main__ : URL: https://www.proshop.dk/SSD/Corsair-Force-MP600-NVMe-Gen4-M2-1TB/2779161
2020-08-04 08:00:04,349 : INFO : __main__ : Getting response from URL...
2020-08-04 08:00:04,509 : INFO : __main__ : Got response from URl
2020-08-04 08:00:04,568 : INFO : __main__ : Saving record...
2020-08-04 08:00:04,570 : INFO : __main__ : Record saved
2020-08-04 08:00:04,570 : DEBUG : __main__ : Initiating class "Proshop"
2020-08-04 08:00:04,570 : DEBUG : __main__ : Category: gpu
2020-08-04 08:00:04,570 : DEBUG : __main__ : URL: https://www.proshop.dk/Grafikkort/ASUS-Radeon-RX-5700-XT-ROG-STRIX-OC-8GB-GDDR6-RAM-Grafikkort/2792486
2020-08-04 08:00:04,570 : INFO : __main__ : Getting response from URL...
2020-08-04 08:00:04,743 : INFO : __main__ : Got response from URl
2020-08-04 08:00:04,803 : INFO : __main__ : Saving record...
2020-08-04 08:00:04,806 : INFO : __main__ : Record saved
2020-08-05 08:00:02,210 : DEBUG : __main__ : Initiating class "Komplett"
2020-08-05 08:00:02,210 : DEBUG : __main__ : Category: gpu
2020-08-05 08:00:02,210 : DEBUG : __main__ : URL: https://www.komplett.dk/product/1103205/hardware/pc-komponenter/grafikkort/asus-geforce-rtx-2080-ti-rog-strix-oc#
2020-08-05 08:00:02,210 : INFO : __main__ : Getting response from URL...
2020-08-05 08:00:03,941 : INFO : __main__ : Got response from URL
2020-08-05 08:00:04,047 : INFO : __main__ : Saving record...
2020-08-05 08:00:04,050 : INFO : __main__ : Record saved
2020-08-05 08:00:04,050 : DEBUG : __main__ : Initiating class "Komplett"
2020-08-05 08:00:04,050 : DEBUG : __main__ : Category: ssd
2020-08-05 08:00:04,050 : DEBUG : __main__ : URL: https://www.komplett.dk/product/1133452/hardware/lagring/harddiskssd/ssd-m2/corsair-force-series-mp600-1tb-m2-ssd#
2020-08-05 08:00:04,050 : INFO : __main__ : Getting response from URL...
2020-08-05 08:00:04,405 : INFO : __main__ : Got response from URL
2020-08-05 08:00:04,510 : INFO : __main__ : Saving record...
2020-08-05 08:00:04,512 : INFO : __main__ : Record saved
2020-08-05 08:00:04,512 : DEBUG : __main__ : Initiating class "Proshop"
2020-08-05 08:00:04,512 : DEBUG : __main__ : Category: gpu
2020-08-05 08:00:04,512 : DEBUG : __main__ : URL: https://www.proshop.dk/Grafikkort/ASUS-GeForce-RTX-2080-Ti-ROG-STRIX-OC-11GB-GDDR6-RAM-Grafikkort/2679518
2020-08-05 08:00:04,513 : INFO : __main__ : Getting response from URL...
2020-08-05 08:00:04,857 : INFO : __main__ : Got response from URl
2020-08-05 08:00:04,926 : INFO : __main__ : Saving record...
2020-08-05 08:00:04,929 : INFO : __main__ : Record saved
2020-08-05 08:00:04,929 : DEBUG : __main__ : Initiating class "Proshop"
2020-08-05 08:00:04,929 : DEBUG : __main__ : Category: ssd
2020-08-05 08:00:04,929 : DEBUG : __main__ : URL: https://www.proshop.dk/SSD/Corsair-Force-MP600-NVMe-Gen4-M2-1TB/2779161
2020-08-05 08:00:04,929 : INFO : __main__ : Getting response from URL...
2020-08-05 08:00:05,093 : INFO : __main__ : Got response from URl
2020-08-05 08:00:05,148 : INFO : __main__ : Saving record...
2020-08-05 08:00:05,151 : INFO : __main__ : Record saved
2020-08-05 08:00:05,151 : DEBUG : __main__ : Initiating class "Proshop"
2020-08-05 08:00:05,151 : DEBUG : __main__ : Category: gpu
2020-08-05 08:00:05,151 : DEBUG : __main__ : URL: https://www.proshop.dk/Grafikkort/ASUS-Radeon-RX-5700-XT-ROG-STRIX-OC-8GB-GDDR6-RAM-Grafikkort/2792486
2020-08-05 08:00:05,151 : INFO : __main__ : Getting response from URL...
2020-08-05 08:00:05,345 : INFO : __main__ : Got response from URl
2020-08-05 08:00:05,405 : INFO : __main__ : Saving record...
2020-08-05 08:00:05,407 : INFO : __main__ : Record saved
