2020-07-18 08:00:02,888 : DEBUG : __main__ : Initiating instance of class "Komplett"
2020-07-18 08:00:02,889 : DEBUG : __main__ : Category: gpu
2020-07-18 08:00:02,889 : DEBUG : __main__ : URL: https://www.komplett.dk/product/1103205/hardware/pc-komponenter/grafikkort/asus-geforce-rtx-2080-ti-rog-strix-oc#
2020-07-18 08:00:02,889 : INFO : __main__ : Getting response from URL...
2020-07-18 08:00:02,959 : DEBUG : __main__ : Initiating instance of class "Komplett"
2020-07-18 08:00:02,959 : DEBUG : __main__ : Category: gpu
2020-07-18 08:00:02,959 : DEBUG : __main__ : URL: https://www.komplett.dk/product/1103205/hardware/pc-komponenter/grafikkort/asus-geforce-rtx-2080-ti-rog-strix-oc#
2020-07-18 08:00:02,959 : INFO : __main__ : Getting response from URL...
2020-07-18 08:00:03,500 : INFO : __main__ : Got response from URL
2020-07-18 08:00:03,601 : INFO : __main__ : Saving record...
2020-07-18 08:00:03,603 : INFO : __main__ : Record saved
2020-07-18 08:00:03,603 : DEBUG : __main__ : Initiating instance of class "Komplett"
2020-07-18 08:00:03,603 : DEBUG : __main__ : Category: ssd
2020-07-18 08:00:03,603 : DEBUG : __main__ : URL: https://www.komplett.dk/product/1133452/hardware/lagring/harddiskssd/ssd-m2/corsair-force-series-mp600-1tb-m2-ssd#
2020-07-18 08:00:03,603 : INFO : __main__ : Getting response from URL...
2020-07-18 08:00:04,202 : INFO : __main__ : Got response from URL
2020-07-18 08:00:04,300 : INFO : __main__ : Saving record...
2020-07-18 08:00:04,302 : INFO : __main__ : Record saved
2020-07-18 08:00:04,302 : DEBUG : __main__ : Initiating instance of class "Proshop"
2020-07-18 08:00:04,302 : DEBUG : __main__ : Category: gpu
2020-07-18 08:00:04,302 : DEBUG : __main__ : URL: https://www.proshop.dk/Grafikkort/ASUS-GeForce-RTX-2080-Ti-ROG-STRIX-OC-11GB-GDDR6-RAM-Grafikkort/2679518
2020-07-18 08:00:04,302 : INFO : __main__ : Getting response from URL...
2020-07-18 08:00:04,438 : INFO : __main__ : Got response from URL
2020-07-18 08:00:04,538 : INFO : __main__ : Saving record...
2020-07-18 08:00:04,539 : INFO : __main__ : Record saved
2020-07-18 08:00:04,539 : DEBUG : __main__ : Initiating instance of class "Komplett"
2020-07-18 08:00:04,539 : DEBUG : __main__ : Category: ssd
2020-07-18 08:00:04,539 : DEBUG : __main__ : URL: https://www.komplett.dk/product/1133452/hardware/lagring/harddiskssd/ssd-m2/corsair-force-series-mp600-1tb-m2-ssd#
2020-07-18 08:00:04,539 : INFO : __main__ : Getting response from URL...
2020-07-18 08:00:04,598 : INFO : __main__ : Got response from URL
2020-07-18 08:00:04,617 : INFO : __main__ : Got response from URl
2020-07-18 08:00:04,690 : INFO : __main__ : Saving record...
2020-07-18 08:00:04,693 : INFO : __main__ : Record saved
2020-07-18 08:00:04,693 : DEBUG : __main__ : Initiating instance of class "Proshop"
2020-07-18 08:00:04,693 : DEBUG : __main__ : Category: ssd
2020-07-18 08:00:04,693 : DEBUG : __main__ : URL: https://www.proshop.dk/SSD/Corsair-Force-MP600-NVMe-Gen4-M2-1TB/2779161
2020-07-18 08:00:04,694 : INFO : __main__ : Getting response from URL...
2020-07-18 08:00:04,701 : INFO : __main__ : Saving record...
2020-07-18 08:00:04,712 : INFO : __main__ : Record saved
2020-07-18 08:00:04,712 : DEBUG : __main__ : Initiating instance of class "Proshop"
2020-07-18 08:00:04,712 : DEBUG : __main__ : Category: gpu
2020-07-18 08:00:04,712 : DEBUG : __main__ : URL: https://www.proshop.dk/Grafikkort/ASUS-GeForce-RTX-2080-Ti-ROG-STRIX-OC-11GB-GDDR6-RAM-Grafikkort/2679518
2020-07-18 08:00:04,712 : INFO : __main__ : Getting response from URL...
2020-07-18 08:00:04,882 : INFO : __main__ : Got response from URl
2020-07-18 08:00:04,922 : INFO : __main__ : Got response from URl
2020-07-18 08:00:04,944 : INFO : __main__ : Saving record...
2020-07-18 08:00:04,946 : INFO : __main__ : Record saved
2020-07-18 08:00:04,946 : DEBUG : __main__ : Initiating instance of class "Proshop"
2020-07-18 08:00:04,946 : DEBUG : __main__ : Category: gpu
2020-07-18 08:00:04,946 : DEBUG : __main__ : URL: https://www.proshop.dk/Grafikkort/ASUS-Radeon-RX-5700-XT-ROG-STRIX-OC-8GB-GDDR6-RAM-Grafikkort/2792486
2020-07-18 08:00:04,946 : INFO : __main__ : Getting response from URL...
2020-07-18 08:00:04,993 : INFO : __main__ : Saving record...
2020-07-18 08:00:04,995 : INFO : __main__ : Record saved
2020-07-18 08:00:04,995 : DEBUG : __main__ : Initiating instance of class "Proshop"
2020-07-18 08:00:04,995 : DEBUG : __main__ : Category: ssd
2020-07-18 08:00:04,995 : DEBUG : __main__ : URL: https://www.proshop.dk/SSD/Corsair-Force-MP600-NVMe-Gen4-M2-1TB/2779161
2020-07-18 08:00:04,995 : INFO : __main__ : Getting response from URL...
2020-07-18 08:00:05,134 : INFO : __main__ : Got response from URl
2020-07-18 08:00:05,194 : INFO : __main__ : Got response from URl
2020-07-18 08:00:05,211 : ERROR : __main__ : Failed in method "Proshop.get_info()": 'NoneType' object has no attribute 'text'
Traceback (most recent call last):
  File "komplett_scraping.py", line 110, in get_info
    self.price = ''.join(self.html_soup.find('span', class_='site-currency-attention').text.strip('.-kr').split(',')[0].split('.'))
AttributeError: 'NoneType' object has no attribute 'text'

During handling of the above exception, another exception occurred:

Traceback (most recent call last):
  File "komplett_scraping.py", line 36, in __init__
    self.get_info()
  File "komplett_scraping.py", line 113, in get_info
    self.price = ''.join(self.html_soup.find('div', class_='site-currency-attention site-currency-campaign').text.replace('.', '').split(',')[0])
AttributeError: 'NoneType' object has no attribute 'text'
2020-07-18 08:00:05,211 : INFO : __main__ : Saving record...
2020-07-18 08:00:05,212 : ERROR : __main__ : Failed in method "Proshop.save_record()": 'Proshop' object has no attribute 'price'
Traceback (most recent call last):
  File "komplett_scraping.py", line 41, in __init__
    self.save_record()
  File "komplett_scraping.py", line 79, in save_record
    data[self.cat][self.name][self.URL_domain]["dates"][self.date] = {"price": self.price}
AttributeError: 'Proshop' object has no attribute 'price'
2020-07-18 08:00:05,254 : INFO : __main__ : Saving record...
2020-07-18 08:00:05,255 : INFO : __main__ : Record saved
2020-07-18 08:00:05,255 : DEBUG : __main__ : Initiating instance of class "Proshop"
2020-07-18 08:00:05,255 : DEBUG : __main__ : Category: gpu
2020-07-18 08:00:05,255 : DEBUG : __main__ : URL: https://www.proshop.dk/Grafikkort/ASUS-Radeon-RX-5700-XT-ROG-STRIX-OC-8GB-GDDR6-RAM-Grafikkort/2792486
2020-07-18 08:00:05,256 : INFO : __main__ : Getting response from URL...
2020-07-18 08:00:05,461 : INFO : __main__ : Got response from URl
2020-07-18 08:00:05,538 : ERROR : __main__ : Failed in method "Proshop.get_info()": 'NoneType' object has no attribute 'text'
Traceback (most recent call last):
  File "komplett_scraping.py", line 110, in get_info
    self.price = ''.join(self.html_soup.find('span', class_='site-currency-attention').text.strip('.-kr').split(',')[0].split('.'))
AttributeError: 'NoneType' object has no attribute 'text'

During handling of the above exception, another exception occurred:

Traceback (most recent call last):
  File "komplett_scraping.py", line 36, in __init__
    self.get_info()
  File "komplett_scraping.py", line 113, in get_info
    self.price = ''.join(self.html_soup.find('div', class_='site-currency-attention site-currency-campaign').text.replace('.', '').split(',')[0])
AttributeError: 'NoneType' object has no attribute 'text'
2020-07-18 08:00:05,538 : INFO : __main__ : Saving record...
2020-07-18 08:00:05,538 : ERROR : __main__ : Failed in method "Proshop.save_record()": 'Proshop' object has no attribute 'price'
Traceback (most recent call last):
  File "komplett_scraping.py", line 41, in __init__
    self.save_record()
  File "komplett_scraping.py", line 79, in save_record
    data[self.cat][self.name][self.URL_domain]["dates"][self.date] = {"price": self.price}
AttributeError: 'Proshop' object has no attribute 'price'
2020-07-19 08:00:03,190 : DEBUG : __main__ : Initiating instance of class "Komplett"
2020-07-19 08:00:03,190 : DEBUG : __main__ : Initiating instance of class "Komplett"
2020-07-19 08:00:03,190 : DEBUG : __main__ : Category: gpu
2020-07-19 08:00:03,190 : DEBUG : __main__ : Category: gpu
2020-07-19 08:00:03,190 : DEBUG : __main__ : URL: https://www.komplett.dk/product/1103205/hardware/pc-komponenter/grafikkort/asus-geforce-rtx-2080-ti-rog-strix-oc#
2020-07-19 08:00:03,190 : DEBUG : __main__ : URL: https://www.komplett.dk/product/1103205/hardware/pc-komponenter/grafikkort/asus-geforce-rtx-2080-ti-rog-strix-oc#
2020-07-19 08:00:03,190 : INFO : __main__ : Getting response from URL...
2020-07-19 08:00:03,191 : INFO : __main__ : Getting response from URL...
2020-07-19 08:00:08,328 : INFO : __main__ : Got response from URL
2020-07-19 08:00:08,434 : INFO : __main__ : Saving record...
2020-07-19 08:00:08,435 : INFO : __main__ : Record saved
2020-07-19 08:00:08,435 : DEBUG : __main__ : Initiating instance of class "Komplett"
2020-07-19 08:00:08,435 : DEBUG : __main__ : Category: ssd
2020-07-19 08:00:08,435 : DEBUG : __main__ : URL: https://www.komplett.dk/product/1133452/hardware/lagring/harddiskssd/ssd-m2/corsair-force-series-mp600-1tb-m2-ssd#
2020-07-19 08:00:08,435 : INFO : __main__ : Getting response from URL...
2020-07-19 08:00:10,181 : INFO : __main__ : Got response from URL
2020-07-19 08:00:10,281 : INFO : __main__ : Saving record...
2020-07-19 08:00:10,283 : INFO : __main__ : Record saved
2020-07-19 08:00:10,283 : DEBUG : __main__ : Initiating instance of class "Komplett"
2020-07-19 08:00:10,283 : DEBUG : __main__ : Category: ssd
2020-07-19 08:00:10,283 : DEBUG : __main__ : URL: https://www.komplett.dk/product/1133452/hardware/lagring/harddiskssd/ssd-m2/corsair-force-series-mp600-1tb-m2-ssd#
2020-07-19 08:00:10,283 : INFO : __main__ : Getting response from URL...
2020-07-19 08:00:16,960 : INFO : __main__ : Got response from URL
2020-07-19 08:00:17,058 : INFO : __main__ : Saving record...
2020-07-19 08:00:17,059 : INFO : __main__ : Record saved
2020-07-19 08:00:17,059 : DEBUG : __main__ : Initiating instance of class "Proshop"
2020-07-19 08:00:17,059 : DEBUG : __main__ : Category: gpu
2020-07-19 08:00:17,059 : DEBUG : __main__ : URL: https://www.proshop.dk/Grafikkort/ASUS-GeForce-RTX-2080-Ti-ROG-STRIX-OC-11GB-GDDR6-RAM-Grafikkort/2679518
2020-07-19 08:00:17,060 : INFO : __main__ : Getting response from URL...
2020-07-19 08:00:17,072 : INFO : __main__ : Got response from URL
2020-07-19 08:00:17,179 : INFO : __main__ : Saving record...
2020-07-19 08:00:17,180 : INFO : __main__ : Record saved
2020-07-19 08:00:17,180 : DEBUG : __main__ : Initiating instance of class "Proshop"
2020-07-19 08:00:17,181 : DEBUG : __main__ : Category: gpu
2020-07-19 08:00:17,181 : DEBUG : __main__ : URL: https://www.proshop.dk/Grafikkort/ASUS-GeForce-RTX-2080-Ti-ROG-STRIX-OC-11GB-GDDR6-RAM-Grafikkort/2679518
2020-07-19 08:00:17,181 : INFO : __main__ : Getting response from URL...
2020-07-19 08:00:17,391 : INFO : __main__ : Got response from URl
2020-07-19 08:00:17,469 : INFO : __main__ : Saving record...
2020-07-19 08:00:17,471 : INFO : __main__ : Record saved
2020-07-19 08:00:17,471 : DEBUG : __main__ : Initiating instance of class "Proshop"
2020-07-19 08:00:17,471 : DEBUG : __main__ : Category: ssd
2020-07-19 08:00:17,471 : DEBUG : __main__ : URL: https://www.proshop.dk/SSD/Corsair-Force-MP600-NVMe-Gen4-M2-1TB/2779161
2020-07-19 08:00:17,471 : INFO : __main__ : Getting response from URL...
2020-07-19 08:00:17,514 : INFO : __main__ : Got response from URl
2020-07-19 08:00:17,587 : INFO : __main__ : Saving record...
2020-07-19 08:00:17,589 : INFO : __main__ : Record saved
2020-07-19 08:00:17,589 : DEBUG : __main__ : Initiating instance of class "Proshop"
2020-07-19 08:00:17,589 : DEBUG : __main__ : Category: ssd
2020-07-19 08:00:17,589 : DEBUG : __main__ : URL: https://www.proshop.dk/SSD/Corsair-Force-MP600-NVMe-Gen4-M2-1TB/2779161
2020-07-19 08:00:17,589 : INFO : __main__ : Getting response from URL...
2020-07-19 08:00:17,665 : INFO : __main__ : Got response from URl
2020-07-19 08:00:17,728 : INFO : __main__ : Saving record...
2020-07-19 08:00:17,730 : INFO : __main__ : Record saved
2020-07-19 08:00:17,730 : DEBUG : __main__ : Initiating instance of class "Proshop"
2020-07-19 08:00:17,730 : DEBUG : __main__ : Category: gpu
2020-07-19 08:00:17,730 : DEBUG : __main__ : URL: https://www.proshop.dk/Grafikkort/ASUS-Radeon-RX-5700-XT-ROG-STRIX-OC-8GB-GDDR6-RAM-Grafikkort/2792486
2020-07-19 08:00:17,730 : INFO : __main__ : Getting response from URL...
2020-07-19 08:00:17,780 : INFO : __main__ : Got response from URl
2020-07-19 08:00:17,841 : INFO : __main__ : Saving record...
2020-07-19 08:00:17,842 : INFO : __main__ : Record saved
2020-07-19 08:00:17,843 : DEBUG : __main__ : Initiating instance of class "Proshop"
2020-07-19 08:00:17,843 : DEBUG : __main__ : Category: gpu
2020-07-19 08:00:17,843 : DEBUG : __main__ : URL: https://www.proshop.dk/Grafikkort/ASUS-Radeon-RX-5700-XT-ROG-STRIX-OC-8GB-GDDR6-RAM-Grafikkort/2792486
2020-07-19 08:00:17,843 : INFO : __main__ : Getting response from URL...
2020-07-19 08:00:17,949 : INFO : __main__ : Got response from URl
2020-07-19 08:00:17,966 : INFO : __main__ : Got response from URl
2020-07-19 08:00:18,038 : INFO : __main__ : Saving record...
2020-07-19 08:00:18,040 : INFO : __main__ : Record saved
2020-07-19 08:00:18,050 : INFO : __main__ : Saving record...
2020-07-19 08:00:18,051 : INFO : __main__ : Record saved
2020-07-20 08:00:02,155 : DEBUG : __main__ : Initiating instance of class "Komplett"
2020-07-20 08:00:02,155 : DEBUG : __main__ : Category: gpu
2020-07-20 08:00:02,155 : DEBUG : __main__ : URL: https://www.komplett.dk/product/1103205/hardware/pc-komponenter/grafikkort/asus-geforce-rtx-2080-ti-rog-strix-oc#
2020-07-20 08:00:02,155 : INFO : __main__ : Getting response from URL...
2020-07-20 08:00:02,271 : DEBUG : __main__ : Initiating instance of class "Komplett"
2020-07-20 08:00:02,271 : DEBUG : __main__ : Category: gpu
2020-07-20 08:00:02,271 : DEBUG : __main__ : URL: https://www.komplett.dk/product/1103205/hardware/pc-komponenter/grafikkort/asus-geforce-rtx-2080-ti-rog-strix-oc#
2020-07-20 08:00:02,272 : INFO : __main__ : Getting response from URL...
2020-07-20 08:00:05,124 : INFO : __main__ : Got response from URL
2020-07-20 08:00:05,224 : INFO : __main__ : Saving record...
2020-07-20 08:00:05,226 : INFO : __main__ : Record saved
2020-07-20 08:00:05,226 : DEBUG : __main__ : Initiating instance of class "Komplett"
2020-07-20 08:00:05,226 : DEBUG : __main__ : Category: ssd
2020-07-20 08:00:05,226 : DEBUG : __main__ : URL: https://www.komplett.dk/product/1133452/hardware/lagring/harddiskssd/ssd-m2/corsair-force-series-mp600-1tb-m2-ssd#
2020-07-20 08:00:05,226 : INFO : __main__ : Getting response from URL...
2020-07-20 08:00:06,580 : INFO : __main__ : Got response from URL
2020-07-20 08:00:06,678 : INFO : __main__ : Saving record...
2020-07-20 08:00:06,679 : INFO : __main__ : Record saved
2020-07-20 08:00:06,679 : DEBUG : __main__ : Initiating instance of class "Proshop"
2020-07-20 08:00:06,679 : DEBUG : __main__ : Category: gpu
2020-07-20 08:00:06,680 : DEBUG : __main__ : URL: https://www.proshop.dk/Grafikkort/ASUS-GeForce-RTX-2080-Ti-ROG-STRIX-OC-11GB-GDDR6-RAM-Grafikkort/2679518
2020-07-20 08:00:06,680 : INFO : __main__ : Getting response from URL...
2020-07-20 08:00:07,069 : INFO : __main__ : Got response from URl
2020-07-20 08:00:07,142 : INFO : __main__ : Saving record...
2020-07-20 08:00:07,143 : INFO : __main__ : Record saved
2020-07-20 08:00:07,143 : DEBUG : __main__ : Initiating instance of class "Proshop"
2020-07-20 08:00:07,143 : DEBUG : __main__ : Category: ssd
2020-07-20 08:00:07,143 : DEBUG : __main__ : URL: https://www.proshop.dk/SSD/Corsair-Force-MP600-NVMe-Gen4-M2-1TB/2779161
2020-07-20 08:00:07,143 : INFO : __main__ : Getting response from URL...
2020-07-20 08:00:07,330 : INFO : __main__ : Got response from URl
2020-07-20 08:00:07,399 : INFO : __main__ : Saving record...
2020-07-20 08:00:07,401 : INFO : __main__ : Record saved
2020-07-20 08:00:07,401 : DEBUG : __main__ : Initiating instance of class "Proshop"
2020-07-20 08:00:07,401 : DEBUG : __main__ : Category: gpu
2020-07-20 08:00:07,401 : DEBUG : __main__ : URL: https://www.proshop.dk/Grafikkort/ASUS-Radeon-RX-5700-XT-ROG-STRIX-OC-8GB-GDDR6-RAM-Grafikkort/2792486
2020-07-20 08:00:07,401 : INFO : __main__ : Getting response from URL...
2020-07-20 08:00:07,597 : INFO : __main__ : Got response from URl
2020-07-20 08:00:07,679 : INFO : __main__ : Saving record...
2020-07-20 08:00:07,680 : INFO : __main__ : Record saved
2020-07-20 08:00:33,268 : INFO : __main__ : Got response from URL
2020-07-20 08:00:33,372 : INFO : __main__ : Saving record...
2020-07-20 08:00:33,373 : INFO : __main__ : Record saved
2020-07-20 08:00:33,373 : DEBUG : __main__ : Initiating instance of class "Komplett"
2020-07-20 08:00:33,373 : DEBUG : __main__ : Category: ssd
2020-07-20 08:00:33,373 : DEBUG : __main__ : URL: https://www.komplett.dk/product/1133452/hardware/lagring/harddiskssd/ssd-m2/corsair-force-series-mp600-1tb-m2-ssd#
2020-07-20 08:00:33,373 : INFO : __main__ : Getting response from URL...
2020-07-20 08:00:34,668 : INFO : __main__ : Got response from URL
2020-07-20 08:00:34,767 : INFO : __main__ : Saving record...
2020-07-20 08:00:34,769 : INFO : __main__ : Record saved
2020-07-20 08:00:34,769 : DEBUG : __main__ : Initiating instance of class "Proshop"
2020-07-20 08:00:34,769 : DEBUG : __main__ : Category: gpu
2020-07-20 08:00:34,769 : DEBUG : __main__ : URL: https://www.proshop.dk/Grafikkort/ASUS-GeForce-RTX-2080-Ti-ROG-STRIX-OC-11GB-GDDR6-RAM-Grafikkort/2679518
2020-07-20 08:00:34,769 : INFO : __main__ : Getting response from URL...
2020-07-20 08:00:35,012 : INFO : __main__ : Got response from URl
2020-07-20 08:00:35,085 : INFO : __main__ : Saving record...
2020-07-20 08:00:35,087 : INFO : __main__ : Record saved
2020-07-20 08:00:35,087 : DEBUG : __main__ : Initiating instance of class "Proshop"
2020-07-20 08:00:35,087 : DEBUG : __main__ : Category: ssd
2020-07-20 08:00:35,087 : DEBUG : __main__ : URL: https://www.proshop.dk/SSD/Corsair-Force-MP600-NVMe-Gen4-M2-1TB/2779161
2020-07-20 08:00:35,087 : INFO : __main__ : Getting response from URL...
2020-07-20 08:00:35,303 : INFO : __main__ : Got response from URl
2020-07-20 08:00:35,374 : INFO : __main__ : Saving record...
2020-07-20 08:00:35,376 : INFO : __main__ : Record saved
2020-07-20 08:00:35,376 : DEBUG : __main__ : Initiating instance of class "Proshop"
2020-07-20 08:00:35,376 : DEBUG : __main__ : Category: gpu
2020-07-20 08:00:35,376 : DEBUG : __main__ : URL: https://www.proshop.dk/Grafikkort/ASUS-Radeon-RX-5700-XT-ROG-STRIX-OC-8GB-GDDR6-RAM-Grafikkort/2792486
2020-07-20 08:00:35,376 : INFO : __main__ : Getting response from URL...
2020-07-20 08:00:35,578 : INFO : __main__ : Got response from URl
2020-07-20 08:00:35,660 : INFO : __main__ : Saving record...
2020-07-20 08:00:35,661 : INFO : __main__ : Record saved
